\BOOKMARK [0][-]{chapter.1}{Introduction}{}% 1
\BOOKMARK [1][-]{section.1.1}{Related Work}{chapter.1}% 2
\BOOKMARK [1][-]{section.1.2}{Introduction}{chapter.1}% 3
\BOOKMARK [2][-]{subsection.1.2.1}{Related Work}{section.1.2}% 4
\BOOKMARK [2][-]{subsection.1.2.2}{Decision Problems}{section.1.2}% 5
\BOOKMARK [2][-]{subsection.1.2.3}{Paper Outline}{section.1.2}% 6
\BOOKMARK [0][-]{chapter.2}{Mathematical Background}{}% 7
\BOOKMARK [1][-]{section.2.1}{Linear Algebra}{chapter.2}% 8
\BOOKMARK [2][-]{subsection.2.1.1}{Jordan Canonical Forms}{section.2.1}% 9
\BOOKMARK [2][-]{subsection.2.1.2}{Matrix exponentials}{section.2.1}% 10
\BOOKMARK [2][-]{subsection.2.1.3}{Matrix logarithms}{section.2.1}% 11
\BOOKMARK [2][-]{subsection.2.1.4}{Properties of commuting matrices}{section.2.1}% 12
\BOOKMARK [1][-]{section.2.2}{Number Theory}{chapter.2}% 13
\BOOKMARK [1][-]{section.2.3}{Algebraic Number Theory}{chapter.2}% 14
\BOOKMARK [2][-]{subsection.2.3.1}{Preliminaries}{section.2.3}% 15
\BOOKMARK [2][-]{subsection.2.3.2}{Lower-bounding simple linear recurrence sequences}{section.2.3}% 16
\BOOKMARK [2][-]{subsection.2.3.3}{Manipulating algebraic numbers}{section.2.3}% 17
\BOOKMARK [2][-]{subsection.2.3.4}{Computation with Algebraic Numbers}{section.2.3}% 18
\BOOKMARK [2][-]{subsection.2.3.5}{Lattices}{section.2.3}% 19
\BOOKMARK [1][-]{section.2.4}{Groups of Multiplicative Relations}{chapter.2}% 20
\BOOKMARK [1][-]{section.2.5}{Diophantine Approximation}{chapter.2}% 21
\BOOKMARK [2][-]{subsection.2.5.1}{Kronecker's Theorem}{section.2.5}% 22
\BOOKMARK [1][-]{section.2.6}{Logic}{chapter.2}% 23
\BOOKMARK [1][-]{section.2.7}{First-Order Theory of Reals}{chapter.2}% 24
\BOOKMARK [1][-]{section.2.8}{Convex Polyhedra and Semi-Algebraic Sets}{chapter.2}% 25
\BOOKMARK [1][-]{section.2.9}{Analysis}{chapter.2}% 26
\BOOKMARK [2][-]{subsection.2.9.1}{Laurent polynomials}{section.2.9}% 27
\BOOKMARK [1][-]{section.2.10}{Fourier-Motzkin Elimination}{chapter.2}% 28
\BOOKMARK [0][-]{chapter.3}{SODA Chapter}{}% 29
\BOOKMARK [1][-]{section.3.1}{Overview of Main Results}{chapter.3}% 30
\BOOKMARK [1][-]{section.3.2}{Algorithm for Universal Termination}{chapter.3}% 31
\BOOKMARK [2][-]{subsection.3.2.1}{Eventual Non-Termination on Subspace Vi}{section.3.2}% 32
\BOOKMARK [2][-]{subsection.3.2.2}{Definition of a Witness Set}{section.3.2}% 33
\BOOKMARK [1][-]{section.3.3}{Complexity Analysis}{chapter.3}% 34
\BOOKMARK [0][-]{chapter.4}{LICS Chapter}{}% 35
\BOOKMARK [1][-]{section.4.1}{Example}{chapter.4}% 36
\BOOKMARK [1][-]{section.4.2}{Decidability in the Commutative Case}{chapter.4}% 37
\BOOKMARK [1][-]{section.4.3}{Undecidability of the Non-Commutative Case}{chapter.4}% 38
\BOOKMARK [2][-]{subsection.4.3.1}{Matrix-Exponential Problem with Constraints}{section.4.3}% 39
\BOOKMARK [2][-]{subsection.4.3.2}{Reduction from Hilbert's Tenth Problem}{section.4.3}% 40
\BOOKMARK [2][-]{subsection.4.3.3}{Enforcing a matrix product order}{section.4.3}% 41
\BOOKMARK [2][-]{subsection.4.3.4}{Undecidability of the semigroup problem}{section.4.3}% 42
\BOOKMARK [1][-]{section.4.4}{Other Undecidability Results}{chapter.4}% 43
\BOOKMARK [0][-]{chapter.5}{HSCC Chapter}{}% 44
\BOOKMARK [1][-]{section.5.1}{The Polytope Escape Problem}{chapter.5}% 45
\BOOKMARK [0][-]{chapter.6}{Reachability for Linear Time-Invariant Control Systems}{}% 46
\BOOKMARK [1][-]{section.6.1}{Decidability of controllability for continuous-time LTI systems when the set of controls is a linear subspace}{chapter.6}% 47
\BOOKMARK [1][-]{section.6.2}{Some undecidable matrix problems}{chapter.6}% 48
\BOOKMARK [1][-]{section.6.3}{Undecidability result}{chapter.6}% 49
\BOOKMARK [1][-]{section.6.4}{Hardness result}{chapter.6}% 50
\BOOKMARK [0][-]{chapter.7}{Conclusion}{}% 51
\BOOKMARK [0][-]{theorem.7.1}{Bibliography}{}% 52
